Alex a devenit membru la data de: Sun Jan  1 21:27:18 2023
Logare gresita la data de: Sun Jan  1 21:27:28 2023
Logare gresita la data de: Sun Jan  1 21:28:32 2023
sad a devenit membru la data de: Sun Jan  1 21:47:19 2023
Mihai a devenit membru la data de: Sun Jan  1 21:53:07 2023
Logare gresita la data de: Sun Jan  1 21:53:18 2023
Usernameul: - Alex - s-a logat cu succes la data de: Sun Jan  1 21:53:31 2023
Usernameul: - Alex - si a resetat parola la data de: Sun Jan  1 21:54:06 2023
sdas a devenit membru la data de: Sun Jan  1 21:57:14 2023
Logare gresita la data de: Sun Jan  1 21:57:29 2023
Usernameul: - Alex - s-a logat cu succes la data de: Sun Jan  1 21:57:46 2023
Usernameul: - Alex - si a resetat parola la data de: Sun Jan  1 21:59:14 2023
Usernameul: - Alex - s-a logat cu succes la data de: Sun Jan  1 22:01:41 2023
sada a devenit membru la data de: Sun Jan  1 22:03:03 2023
sadas a devenit membru la data de: Sun Jan  1 22:03:45 2023
Usernameul: - Alex - s-a logat cu succes la data de: Sun Jan  1 22:04:12 2023
Usernameul: - sadas - si a resetat parola la data de: Sun Jan  1 22:04:49 2023
dsada a devenit membru la data de: Sun Jan  1 22:05:10 2023
Schimbare de parola nereusita la data de: Sun Jan  1 23:23:13 2023
Usernameul: - Alex - si a resetat parola la data de: Sun Jan  1 23:24:23 2023
Schimbare de parola nereusita la data de: Sun Jan  1 23:25:53 2023
Ale a devenit membru la data de: Tue Jan  3 22:04:16 2023
Usernameul: - Alex - s-a logat cu succes la data de: Tue Jan  3 22:04:37 2023
sda a devenit membru la data de: Wed Jan 25 13:36:40 2023
Logare gresita la data de: Wed Jan 25 13:36:50 2023
